initialSize = 5	 ~	5
top = 0
length = 1
 
|-----------------|
	0
|-----------------|
	0
|-----------------|
	0
|-----------------|
	0
|-----------------|
	11
|-----------------|

 

initialSize = 5	 ~	5
top = 1
length = 2
 
|-----------------|
	0
|-----------------|
	0
|-----------------|
	0
|-----------------|
	22
|-----------------|
	11
|-----------------|

 

initialSize = 5	 ~	5
top = 2
length = 3
 
|-----------------|
	0
|-----------------|
	0
|-----------------|
	33
|-----------------|
	22
|-----------------|
	11
|-----------------|

 

initialSize = 5	 ~	5
top = 3
length = 4
 
|-----------------|
	0
|-----------------|
	44
|-----------------|
	33
|-----------------|
	22
|-----------------|
	11
|-----------------|

 

initialSize = 5	 ~	5
top = 4
length = 5
 
|-----------------|
	55
|-----------------|
	44
|-----------------|
	33
|-----------------|
	22
|-----------------|
	11
|-----------------|

 

--------------------------------------------------------------Expand
bufferIncrease = 3
initialSize = 8	 ~	8
top = 5
length = 6
 
|-----------------|
	0
|-----------------|
	0
|-----------------|
	66
|-----------------|
	55
|-----------------|
	44
|-----------------|
	33
|-----------------|
	22
|-----------------|
	11
|-----------------|

 

initialSize = 8	 ~	8
top = 6
length = 7
 
|-----------------|
	0
|-----------------|
	77
|-----------------|
	66
|-----------------|
	55
|-----------------|
	44
|-----------------|
	33
|-----------------|
	22
|-----------------|
	11
|-----------------|

 

initialSize = 8	 ~	8
top = 7
length = 8
 
|-----------------|
	88
|-----------------|
	77
|-----------------|
	66
|-----------------|
	55
|-----------------|
	44
|-----------------|
	33
|-----------------|
	22
|-----------------|
	11
|-----------------|

 

--------------------------------------------------------------Expand
bufferIncrease = 5
initialSize = 13	 ~	13
top = 8
length = 9
 
|-----------------|
	0
|-----------------|
	0
|-----------------|
	0
|-----------------|
	0
|-----------------|
	99
|-----------------|
	88
|-----------------|
	77
|-----------------|
	66
|-----------------|
	55
|-----------------|
	44
|-----------------|
	33
|-----------------|
	22
|-----------------|
	11
|-----------------|

 

initialSize = 13	 ~	13
top = 9
length = 10
 
|-----------------|
	0
|-----------------|
	0
|-----------------|
	0
|-----------------|
	111
|-----------------|
	99
|-----------------|
	88
|-----------------|
	77
|-----------------|
	66
|-----------------|
	55
|-----------------|
	44
|-----------------|
	33
|-----------------|
	22
|-----------------|
	11
|-----------------|

 

initialSize = 13	 ~	13
top = 10
length = 11
 
|-----------------|
	0
|-----------------|
	0
|-----------------|
	222
|-----------------|
	111
|-----------------|
	99
|-----------------|
	88
|-----------------|
	77
|-----------------|
	66
|-----------------|
	55
|-----------------|
	44
|-----------------|
	33
|-----------------|
	22
|-----------------|
	11
|-----------------|

 

initialSize = 13	 ~	13
top = 11
length = 12
 
|-----------------|
	0
|-----------------|
	333
|-----------------|
	222
|-----------------|
	111
|-----------------|
	99
|-----------------|
	88
|-----------------|
	77
|-----------------|
	66
|-----------------|
	55
|-----------------|
	44
|-----------------|
	33
|-----------------|
	22
|-----------------|
	11
|-----------------|

 

initialSize = 13	 ~	13
top = 12
length = 13
 
|-----------------|
	444
|-----------------|
	333
|-----------------|
	222
|-----------------|
	111
|-----------------|
	99
|-----------------|
	88
|-----------------|
	77
|-----------------|
	66
|-----------------|
	55
|-----------------|
	44
|-----------------|
	33
|-----------------|
	22
|-----------------|
	11
|-----------------|

 

--------------------------------------------------------------Expand
bufferIncrease = 8
initialSize = 21	 ~	21
top = 13
length = 14
 
|-----------------|
	0
|-----------------|
	0
|-----------------|
	0
|-----------------|
	0
|-----------------|
	0
|-----------------|
	0
|-----------------|
	0
|-----------------|
	555
|-----------------|
	444
|-----------------|
	333
|-----------------|
	222
|-----------------|
	111
|-----------------|
	99
|-----------------|
	88
|-----------------|
	77
|-----------------|
	66
|-----------------|
	55
|-----------------|
	44
|-----------------|
	33
|-----------------|
	22
|-----------------|
	11
|-----------------|

 

initialSize = 21	 ~	21
top = 14
length = 15
 
|-----------------|
	0
|-----------------|
	0
|-----------------|
	0
|-----------------|
	0
|-----------------|
	0
|-----------------|
	0
|-----------------|
	666
|-----------------|
	555
|-----------------|
	444
|-----------------|
	333
|-----------------|
	222
|-----------------|
	111
|-----------------|
	99
|-----------------|
	88
|-----------------|
	77
|-----------------|
	66
|-----------------|
	55
|-----------------|
	44
|-----------------|
	33
|-----------------|
	22
|-----------------|
	11
|-----------------|

 

initialSize = 21	 ~	21
top = 15
length = 16
 
|-----------------|
	0
|-----------------|
	0
|-----------------|
	0
|-----------------|
	0
|-----------------|
	0
|-----------------|
	777
|-----------------|
	666
|-----------------|
	555
|-----------------|
	444
|-----------------|
	333
|-----------------|
	222
|-----------------|
	111
|-----------------|
	99
|-----------------|
	88
|-----------------|
	77
|-----------------|
	66
|-----------------|
	55
|-----------------|
	44
|-----------------|
	33
|-----------------|
	22
|-----------------|
	11
|-----------------|

 

initialSize = 21	 ~	21
top = 16
length = 17
 
|-----------------|
	0
|-----------------|
	0
|-----------------|
	0
|-----------------|
	0
|-----------------|
	888
|-----------------|
	777
|-----------------|
	666
|-----------------|
	555
|-----------------|
	444
|-----------------|
	333
|-----------------|
	222
|-----------------|
	111
|-----------------|
	99
|-----------------|
	88
|-----------------|
	77
|-----------------|
	66
|-----------------|
	55
|-----------------|
	44
|-----------------|
	33
|-----------------|
	22
|-----------------|
	11
|-----------------|

 

~~~~~~~~~~~~~~~~~~~~~POP~~~~~~~~~~~~~~~~~~~~~~~~~~~~~~
emptySpace = 4
Buffer Srink = 14
initialSize = 21	 ~	21
top = 16
length = 17
 
|-----------------|
	0
|-----------------|
	0
|-----------------|
	0
|-----------------|
	0
|-----------------|
	888
|-----------------|
	777
|-----------------|
	666
|-----------------|
	555
|-----------------|
	444
|-----------------|
	333
|-----------------|
	222
|-----------------|
	111
|-----------------|
	99
|-----------------|
	88
|-----------------|
	77
|-----------------|
	66
|-----------------|
	55
|-----------------|
	44
|-----------------|
	33
|-----------------|
	22
|-----------------|
	11
|-----------------|

 

emptySpace = 5
Buffer Srink = 14
initialSize = 21	 ~	21
top = 15
length = 16
 
|-----------------|
	0
|-----------------|
	0
|-----------------|
	0
|-----------------|
	0
|-----------------|
	0
|-----------------|
	777
|-----------------|
	666
|-----------------|
	555
|-----------------|
	444
|-----------------|
	333
|-----------------|
	222
|-----------------|
	111
|-----------------|
	99
|-----------------|
	88
|-----------------|
	77
|-----------------|
	66
|-----------------|
	55
|-----------------|
	44
|-----------------|
	33
|-----------------|
	22
|-----------------|
	11
|-----------------|

 

emptySpace = 6
Buffer Srink = 14
initialSize = 21	 ~	21
top = 14
length = 15
 
|-----------------|
	0
|-----------------|
	0
|-----------------|
	0
|-----------------|
	0
|-----------------|
	0
|-----------------|
	0
|-----------------|
	666
|-----------------|
	555
|-----------------|
	444
|-----------------|
	333
|-----------------|
	222
|-----------------|
	111
|-----------------|
	99
|-----------------|
	88
|-----------------|
	77
|-----------------|
	66
|-----------------|
	55
|-----------------|
	44
|-----------------|
	33
|-----------------|
	22
|-----------------|
	11
|-----------------|

 

emptySpace = 7
Buffer Srink = 14
initialSize = 21	 ~	21
top = 13
length = 14
 
|-----------------|
	0
|-----------------|
	0
|-----------------|
	0
|-----------------|
	0
|-----------------|
	0
|-----------------|
	0
|-----------------|
	0
|-----------------|
	555
|-----------------|
	444
|-----------------|
	333
|-----------------|
	222
|-----------------|
	111
|-----------------|
	99
|-----------------|
	88
|-----------------|
	77
|-----------------|
	66
|-----------------|
	55
|-----------------|
	44
|-----------------|
	33
|-----------------|
	22
|-----------------|
	11
|-----------------|

 

emptySpace = 8
Buffer Srink = 14
initialSize = 21	 ~	21
top = 12
length = 13
 
|-----------------|
	0
|-----------------|
	0
|-----------------|
	0
|-----------------|
	0
|-----------------|
	0
|-----------------|
	0
|-----------------|
	0
|-----------------|
	0
|-----------------|
	444
|-----------------|
	333
|-----------------|
	222
|-----------------|
	111
|-----------------|
	99
|-----------------|
	88
|-----------------|
	77
|-----------------|
	66
|-----------------|
	55
|-----------------|
	44
|-----------------|
	33
|-----------------|
	22
|-----------------|
	11
|-----------------|

 

emptySpace = 9
Buffer Srink = 14
initialSize = 21	 ~	21
top = 11
length = 12
 
|-----------------|
	0
|-----------------|
	0
|-----------------|
	0
|-----------------|
	0
|-----------------|
	0
|-----------------|
	0
|-----------------|
	0
|-----------------|
	0
|-----------------|
	0
|-----------------|
	333
|-----------------|
	222
|-----------------|
	111
|-----------------|
	99
|-----------------|
	88
|-----------------|
	77
|-----------------|
	66
|-----------------|
	55
|-----------------|
	44
|-----------------|
	33
|-----------------|
	22
|-----------------|
	11
|-----------------|

 

emptySpace = 10
Buffer Srink = 14
initialSize = 21	 ~	21
top = 10
length = 11
 
|-----------------|
	0
|-----------------|
	0
|-----------------|
	0
|-----------------|
	0
|-----------------|
	0
|-----------------|
	0
|-----------------|
	0
|-----------------|
	0
|-----------------|
	0
|-----------------|
	0
|-----------------|
	222
|-----------------|
	111
|-----------------|
	99
|-----------------|
	88
|-----------------|
	77
|-----------------|
	66
|-----------------|
	55
|-----------------|
	44
|-----------------|
	33
|-----------------|
	22
|-----------------|
	11
|-----------------|

 

emptySpace = 11
Buffer Srink = 14
initialSize = 21	 ~	21
top = 9
length = 10
 
|-----------------|
	0
|-----------------|
	0
|-----------------|
	0
|-----------------|
	0
|-----------------|
	0
|-----------------|
	0
|-----------------|
	0
|-----------------|
	0
|-----------------|
	0
|-----------------|
	0
|-----------------|
	0
|-----------------|
	111
|-----------------|
	99
|-----------------|
	88
|-----------------|
	77
|-----------------|
	66
|-----------------|
	55
|-----------------|
	44
|-----------------|
	33
|-----------------|
	22
|-----------------|
	11
|-----------------|

 

emptySpace = 12
Buffer Srink = 14
initialSize = 21	 ~	21
top = 8
length = 9
 
|-----------------|
	0
|-----------------|
	0
|-----------------|
	0
|-----------------|
	0
|-----------------|
	0
|-----------------|
	0
|-----------------|
	0
|-----------------|
	0
|-----------------|
	0
|-----------------|
	0
|-----------------|
	0
|-----------------|
	0
|-----------------|
	99
|-----------------|
	88
|-----------------|
	77
|-----------------|
	66
|-----------------|
	55
|-----------------|
	44
|-----------------|
	33
|-----------------|
	22
|-----------------|
	11
|-----------------|

 

emptySpace = 13
Buffer Srink = 14
initialSize = 21	 ~	21
top = 7
length = 8
 
|-----------------|
	0
|-----------------|
	0
|-----------------|
	0
|-----------------|
	0
|-----------------|
	0
|-----------------|
	0
|-----------------|
	0
|-----------------|
	0
|-----------------|
	0
|-----------------|
	0
|-----------------|
	0
|-----------------|
	0
|-----------------|
	0
|-----------------|
	88
|-----------------|
	77
|-----------------|
	66
|-----------------|
	55
|-----------------|
	44
|-----------------|
	33
|-----------------|
	22
|-----------------|
	11
|-----------------|

 

emptySpace = 14
Buffer Srink = 14
initialSize = 21	 ~	21
top = 6
length = 7
 
|-----------------|
	0
|-----------------|
	0
|-----------------|
	0
|-----------------|
	0
|-----------------|
	0
|-----------------|
	0
|-----------------|
	0
|-----------------|
	0
|-----------------|
	0
|-----------------|
	0
|-----------------|
	0
|-----------------|
	0
|-----------------|
	0
|-----------------|
	0
|-----------------|
	77
|-----------------|
	66
|-----------------|
	55
|-----------------|
	44
|-----------------|
	33
|-----------------|
	22
|-----------------|
	11
|-----------------|

 

emptySpace = 15
Buffer Srink = 14
srinkedSize = 7	 DEFAULT_INIT_SIZE 	5
true
--------------------------------------------------------------Srink
COPY
COPY
COPY
COPY
COPY
COPY
initialSize = 7	 ~	7
top = 5
length = 6
 
|-----------------|
	0
|-----------------|
	66
|-----------------|
	55
|-----------------|
	44
|-----------------|
	33
|-----------------|
	22
|-----------------|
	11
|-----------------|

 

emptySpace = 2
Buffer Srink = 4
initialSize = 7	 ~	7
top = 4
length = 5
 
|-----------------|
	0
|-----------------|
	0
|-----------------|
	55
|-----------------|
	44
|-----------------|
	33
|-----------------|
	22
|-----------------|
	11
|-----------------|

 

emptySpace = 3
Buffer Srink = 4
initialSize = 7	 ~	7
top = 3
length = 4
 
|-----------------|
	0
|-----------------|
	0
|-----------------|
	0
|-----------------|
	44
|-----------------|
	33
|-----------------|
	22
|-----------------|
	11
|-----------------|

 

emptySpace = 4
Buffer Srink = 4
initialSize = 7	 ~	7
top = 2
length = 3
 
|-----------------|
	0
|-----------------|
	0
|-----------------|
	0
|-----------------|
	0
|-----------------|
	33
|-----------------|
	22
|-----------------|
	11
|-----------------|

 

emptySpace = 5
Buffer Srink = 4
srinkedSize = 3	 DEFAULT_INIT_SIZE 	5
false
initialSize = 7	 ~	7
top = 1
length = 2
 
|-----------------|
	0
|-----------------|
	0
|-----------------|
	0
|-----------------|
	0
|-----------------|
	0
|-----------------|
	22
|-----------------|
	11
|-----------------|

 

emptySpace = 6
Buffer Srink = 4
srinkedSize = 3	 DEFAULT_INIT_SIZE 	5
false
--------------------------------------------------------------Srink~2
COPY
initialSize = 5	 ~	5
top = 0
length = 1
 
|-----------------|
	0
|-----------------|
	0
|-----------------|
	0
|-----------------|
	0
|-----------------|
	11
|-----------------|

 

initialSize = 5	 ~	5
top = -1
length = 0
 
Stack Is Empty !!!!

 

