top = 0
length = 1
 
|-----------------|
	11
|-----------------|

 

top = 1
length = 2
 
|-----------------|
	22
|-----------------|
	11
|-----------------|

 

top = 2
length = 3
 
|-----------------|
	33
|-----------------|
	22
|-----------------|
	11
|-----------------|

 

top = 3
length = 4
 
|-----------------|
	44
|-----------------|
	33
|-----------------|
	22
|-----------------|
	11
|-----------------|

 

top = 4
length = 5
 
|-----------------|
	55
|-----------------|
	44
|-----------------|
	33
|-----------------|
	22
|-----------------|
	11
|-----------------|

 

top = 3
length = 4
 
|-----------------|
	44
|-----------------|
	33
|-----------------|
	22
|-----------------|
	11
|-----------------|

 

top = 2
length = 3
 
|-----------------|
	33
|-----------------|
	22
|-----------------|
	11
|-----------------|

 

top = 1
length = 2
 
|-----------------|
	22
|-----------------|
	11
|-----------------|

 

top = 0
length = 1
 
|-----------------|
	11
|-----------------|

 

top = -1
length = 0
 
Stack Is Empty !!!!
