# Output for Selection Sort
----------------
11  - 44   |    7  -  1
----------------
22  - 77   |    3  -  2
----------------
33  - 77   |    5  -  3
----------------
44  - 88   |    7  -  4
----------------
55  - 77   |    8  -  5
----------------
66  - 66   |    6  -  6
----------------
77  - 88   |    8  -  7
----------------
88  - 88   |    8  -  8
Sorted array
11 22 33 44 55 66 77 88 


----------------------------------------------------------------------------

# Output for ModifiedSelection Sort


11  - 44   |    7  -  1
22  - 77   |    3  -  2
33  - 77   |    5  -  3
44  - 88   |    7  -  4
55  - 77   |    8  -  5
77  - 88   |    8  -  7
Sorted array
11 22 33 44 55 66 77 88 
