Data ------------------------------------------------------
 | 4 | 3 | 2 | 10 | 12 | 1 | 5 | 6 |  
 ------------------------------------------------------
Key : 3
 ------------------------------------------------------
 | 4 | 4 | 2 | 10 | 12 | 1 | 5 | 6 |  
 ------------------------------------------------------
Key : 2
 ------------------------------------------------------
 | 3 | 4 | 4 | 10 | 12 | 1 | 5 | 6 |  
 ------------------------------------------------------
 ------------------------------------------------------
 | 3 | 3 | 4 | 10 | 12 | 1 | 5 | 6 |  
 ------------------------------------------------------
Key : 10
Key : 12
Key : 1
 ------------------------------------------------------
 | 2 | 3 | 4 | 10 | 12 | 12 | 5 | 6 |  
 ------------------------------------------------------
 ------------------------------------------------------
 | 2 | 3 | 4 | 10 | 10 | 12 | 5 | 6 |  
 ------------------------------------------------------
 ------------------------------------------------------
 | 2 | 3 | 4 | 4 | 10 | 12 | 5 | 6 |  
 ------------------------------------------------------
 ------------------------------------------------------
 | 2 | 3 | 3 | 4 | 10 | 12 | 5 | 6 |  
 ------------------------------------------------------
 ------------------------------------------------------
 | 2 | 2 | 3 | 4 | 10 | 12 | 5 | 6 |  
 ------------------------------------------------------
Key : 5
 ------------------------------------------------------
 | 1 | 2 | 3 | 4 | 10 | 12 | 12 | 6 |  
 ------------------------------------------------------
 ------------------------------------------------------
 | 1 | 2 | 3 | 4 | 10 | 10 | 12 | 6 |  
 ------------------------------------------------------
Key : 6
 ------------------------------------------------------
 | 1 | 2 | 3 | 4 | 5 | 10 | 12 | 12 |  
 ------------------------------------------------------
 ------------------------------------------------------
 | 1 | 2 | 3 | 4 | 5 | 10 | 10 | 12 |  
 ------------------------------------------------------
Sorted array
 ------------------------------------------------------
 | 1 | 2 | 3 | 4 | 5 | 6 | 10 | 12 |  
 ------------------------------------------------------
