 ------------------------------------------------------
 | 37 | 22 | 18 | 50 | 2 | 3 | 1 | 29 | 69 | 5 |  
 ------------------------------------------------------
GAP : 5
Compared ~~ Index  :  0 <--> 5
Compared ~~ Index  :  1 <--> 6
Compared ~~ Index  :  2 <--> 7
Compared ~~ Index  :  3 <--> 8
Compared ~~ Index  :  4 <--> 9
 ------------------------------------------------------
 | 3 | 1 | 18 | 50 | 2 | 37 | 22 | 29 | 69 | 5 |  
 ------------------------------------------------------
GAP : 2
Compared ~~ Index  :  0 <--> 2
Compared ~~ Index  :  1 <--> 3
Compared ~~ Index  :  2 <--> 4
Compared ~~ Index  :  3 <--> 5
Compared ~~ Index  :  4 <--> 6
Compared ~~ Index  :  5 <--> 7
Compared ~~ Index  :  6 <--> 8
Compared ~~ Index  :  7 <--> 9
 ------------------------------------------------------
 | 2 | 1 | 3 | 5 | 18 | 29 | 22 | 37 | 69 | 50 |  
 ------------------------------------------------------
GAP : 1
Compared ~~ Index  :  0 <--> 1
Compared ~~ Index  :  1 <--> 2
Compared ~~ Index  :  2 <--> 3
Compared ~~ Index  :  3 <--> 4
Compared ~~ Index  :  4 <--> 5
Compared ~~ Index  :  5 <--> 6
Compared ~~ Index  :  6 <--> 7
Compared ~~ Index  :  7 <--> 8
Compared ~~ Index  :  8 <--> 9
 ------------------------------------------------------
 | 1 | 2 | 3 | 5 | 18 | 22 | 29 | 37 | 50 | 69 |  
 ------------------------------------------------------
Sorted array
 ------------------------------------------------------
 | 1 | 2 | 3 | 5 | 18 | 22 | 29 | 37 | 50 | 69 |  
 ------------------------------------------------------
