Input Array
 ------------------------------------------------------
 | 4 | 0 | 6 | 1 | 5 | 2 | 3 |  
 ------------------------------------------------------
 
 | 4 |   < -Split- >   | 0 |  
--------------         ------------------
 
 | 6 |   < -Split- >   | 1 |  
--------------         ------------------
 
 | 0 | 4 |   < -Split- >   | 1 | 6 |  
--------------         ------------------
 
 | 5 |   < -Split- >   | 2 |  
--------------         ------------------
 
 | 2 | 5 |   < -Split- >   | 3 |  
--------------         ------------------
 
 | 0 | 1 | 4 | 6 |   < -Split- >   | 2 | 3 | 5 |  
--------------         ------------------
 
Sorted Array
 ------------------------------------------------------
 | 0 | 1 | 2 | 3 | 4 | 5 | 6 |  
 ------------------------------------------------------
